Added Component: Designator=C1(CAP 5MM)
Added Component: Designator=C2(SMD0805)
Added Component: Designator=C3(CAP_8mm)
Added Component: Designator=C4(SMD0805)
Added Component: Designator=C5(SMD0805)
Added Component: Designator=C6(SMD0805)
Added Component: Designator=C7(CAP_8mm)
Added Component: Designator=C8(SMD0805)
Added Component: Designator=C9(SMD0805)
Added Component: Designator=C10(SMD0805)
Added Component: Designator=C11(SMD0805)
Added Component: Designator=C12(SMD0805)
Added Component: Designator=C13(SMD0805)
Added Component: Designator=C14(CAP 10MM DIA)
Added Component: Designator=C15(SMD0805)
Added Component: Designator=C16(CAP 10MM DIA)
Added Component: Designator=C17(SMD0805)
Added Component: Designator=C18(CAP 10MM DIA)
Added Component: Designator=C19(SMD0805)
Added Component: Designator=C20(CAP 5MM)
Added Component: Designator=C21(CAP 5MM)
Added Component: Designator=C22(SMD0805)
Added Component: Designator=C23(SMD1206)
Added Component: Designator=C24(SMD0805)
Added Component: Designator=C25(SMD1206)
Added Component: Designator=C26(SMD0805)
Added Component: Designator=C27(SMD0805)
Added Component: Designator=C28(SMD0805)
Added Component: Designator=C29(SMD0805)
Added Component: Designator=C30(SMD0805)
Added Component: Designator=C31(SMD0805)
Added Component: Designator=C32(SMD0805)
Added Component: Designator=C33(SMD0805)
Added Component: Designator=C34(SMD0805)
Added Component: Designator=C35(SMD0805)
Added Component: Designator=C36(SMD0805)
Added Component: Designator=C37(SMD0805)
Added Component: Designator=C38(SMD0805)
Added Component: Designator=C39(SMD0805)
Added Component: Designator=C40(SMD0805)
Added Component: Designator=C41(SMD0805)
Added Component: Designator=C42(SMD0805)
Added Component: Designator=C43(SMD0805)
Added Component: Designator=C44(SMD0805)
Added Component: Designator=C45(SMD0805)
Added Component: Designator=C46(SMD0805)
Added Component: Designator=C47(SMD0805)
Added Component: Designator=C48(CAP_8mm)
Added Component: Designator=C49(SMD0805)
Added Component: Designator=C50(SMD0805)
Added Component: Designator=C51(SMD0805)
Added Component: Designator=C52(SMD0805)
Added Component: Designator=C53(SMD0805)
Added Component: Designator=D1(DO-214(SMA))
Added Component: Designator=D2(DO-214(SMA))
Added Component: Designator=D3(DO-214(SMA))
Added Component: Designator=D4(SOD-80)
Added Component: Designator=D5(SOD-80)
Added Component: Designator=D6(SOD-80)
Added Component: Designator=D7(SOD-80)
Added Component: Designator=D8(DO-214(SMA))
Added Component: Designator=D9(DO-214(SMA))
Added Component: Designator=D10(SOD-80)
Added Component: Designator=D11(SOD-80)
Added Component: Designator=D12(SOD-80)
Added Component: Designator=D13(SOD-80)
Added Component: Designator=D14(SOD-80)
Added Component: Designator=D15(SOD-80)
Added Component: Designator=FB1(SMD0805)
Added Component: Designator=FB2(SMD0805)
Added Component: Designator=FB3(SMD0805)
Added Component: Designator=H1(Header-2-Pin)
Added Component: Designator=H2(Header-3-Pin)
Added Component: Designator=H3(Header-2-Pin)
Added Component: Designator=H4(Header1x6)
Added Component: Designator=HS1(Heatsink_25mm)
Added Component: Designator=HS2(Heatsink_25mm)
Added Component: Designator=HS3(Heatsink_25mm)
Added Component: Designator=HS4(Heatsink_25mm)
Added Component: Designator=HS5(Heatsink_25mm)
Added Component: Designator=J1(PHONIX2)
Added Component: Designator=J2(PHONIX2)
Added Component: Designator=J3(PHONIX2)
Added Component: Designator=J4(PHONIX2)
Added Component: Designator=J5(PHONIX2)
Added Component: Designator=J6(PHONIX2)
Added Component: Designator=J7(PHONIX2)
Added Component: Designator=J8(PHONIX2)
Added Component: Designator=J9(Phonix_3)
Added Component: Designator=J10(PHONIX2)
Added Component: Designator=LD1(LED)
Added Component: Designator=LD2(LED)
Added Component: Designator=M1(SO8-L)
Added Component: Designator=M2(SO8-L)
Added Component: Designator=M3(SO8-L)
Added Component: Designator=M4(SO8-L)
Added Component: Designator=M5(SO8-L)
Added Component: Designator=M6(SO8-L)
Added Component: Designator=M7(SO8-L)
Added Component: Designator=M8(SO8-L)
Added Component: Designator=M9(SO8-L)
Added Component: Designator=P1(HDR1X9)
Added Component: Designator=P2(HDR2X5)
Added Component: Designator=Q1(SOT23-3-Leads)
Added Component: Designator=R1(Axial_2W_Vert)
Added Component: Designator=R2(SMD1206)
Added Component: Designator=R3(SMD1206)
Added Component: Designator=R4(SMD1206)
Added Component: Designator=R5(SMD1206)
Added Component: Designator=R6(SMD1206)
Added Component: Designator=R7(SMD1206)
Added Component: Designator=R8(SMD1206)
Added Component: Designator=R9(SMD1206)
Added Component: Designator=R10(SMD1206)
Added Component: Designator=R11(SMD1206)
Added Component: Designator=R12(SMD1206)
Added Component: Designator=R13(SMD1206)
Added Component: Designator=R14(SMD1206)
Added Component: Designator=R15(SMD1206)
Added Component: Designator=R16(SMD1206)
Added Component: Designator=R17(SMD1206)
Added Component: Designator=R18(SMD1206)
Added Component: Designator=R19(SMD1206)
Added Component: Designator=R20(SMD1206)
Added Component: Designator=R21(SMD1206)
Added Component: Designator=R22(SMD1206)
Added Component: Designator=R23(SMD1206)
Added Component: Designator=R24(SMD1206)
Added Component: Designator=R25(SMD1206)
Added Component: Designator=R26(SMD1206)
Added Component: Designator=R27(SMD1206)
Added Component: Designator=R28(SMD1206)
Added Component: Designator=R29(SMD1206)
Added Component: Designator=R30(SMD1206)
Added Component: Designator=R31(SMD1206)
Added Component: Designator=R32(SMD1206)
Added Component: Designator=R33(SMD1206)
Added Component: Designator=R34(SMD2512)
Added Component: Designator=R35(SMD1206)
Added Component: Designator=R36(SMD1206)
Added Component: Designator=R37(SMD1206)
Added Component: Designator=R38(SMD1206)
Added Component: Designator=R39(SMD1206)
Added Component: Designator=R40(SMD1206)
Added Component: Designator=R41(SMD1206)
Added Component: Designator=R42(SMD1206)
Added Component: Designator=R43(SMD1206)
Added Component: Designator=R44(SMD1206)
Added Component: Designator=R45(SMD1206)
Added Component: Designator=R46(SMD1206)
Added Component: Designator=R47(SMD1206)
Added Component: Designator=R48(SMD0603)
Added Component: Designator=R49(SMD0603)
Added Component: Designator=R50(SMD0603)
Added Component: Designator=R51(SMD1206)
Added Component: Designator=R52(SMD1206)
Added Component: Designator=R53(SMD0603)
Added Component: Designator=R54(SMD1206)
Added Component: Designator=R55(SMD1206)
Added Component: Designator=R56(SMD0603)
Added Component: Designator=R57(SMD1206)
Added Component: Designator=R58(SMD1206)
Added Component: Designator=R59(SMD0603)
Added Component: Designator=R60(SMD1206)
Added Component: Designator=R61(SMD1206)
Added Component: Designator=R62(SMD1206)
Added Component: Designator=R63(SMD1206)
Added Component: Designator=R64(SMD1206)
Added Component: Designator=R65(SMD1206)
Added Component: Designator=R66(SMD1206)
Added Component: Designator=R67(SMD1206)
Added Component: Designator=R68(SMD1206)
Added Component: Designator=R69(SMD1206)
Added Component: Designator=R70(SMD1206)
Added Component: Designator=R71(SMD1206)
Added Component: Designator=R72(SMD1206)
Added Component: Designator=R73(SMD1206)
Added Component: Designator=R74(SMD1206)
Added Component: Designator=R75(SMD1206)
Added Component: Designator=R76(SMD1206)
Added Component: Designator=R77(SMD1206)
Added Component: Designator=S1(DIP8)
Added Component: Designator=S2(DIP8)
Added Component: Designator=T1(TP)
Added Component: Designator=T2(TP)
Added Component: Designator=T3(TP)
Added Component: Designator=T4(TP)
Added Component: Designator=T5(TP)
Added Component: Designator=T6(TP)
Added Component: Designator=T7(TP)
Added Component: Designator=T8(TP)
Added Component: Designator=T9(TP)
Added Component: Designator=T10(TP)
Added Component: Designator=T11(TP)
Added Component: Designator=T12(TP)
Added Component: Designator=T13(TP)
Added Component: Designator=T14(TP)
Added Component: Designator=T15(TP)
Added Component: Designator=T16(TP)
Added Component: Designator=T17(TP)
Added Component: Designator=T18(TP)
Added Component: Designator=T19(TP)
Added Component: Designator=T20(TP)
Added Component: Designator=T21(TP)
Added Component: Designator=T22(TP)
Added Component: Designator=T23(TP)
Added Component: Designator=T24(TP)
Added Component: Designator=T25(TP)
Added Component: Designator=T26(TP)
Added Component: Designator=T27(TP)
Added Component: Designator=T28(TP)
Added Component: Designator=T29(TP)
Added Component: Designator=T30(TP)
Added Component: Designator=T31(TP)
Added Component: Designator=T32(TP)
Added Component: Designator=T33(TP)
Added Component: Designator=T34(TP)
Added Component: Designator=T35(TP)
Added Component: Designator=T36(TP)
Added Component: Designator=T37(TP)
Added Component: Designator=U1(TO220_Normal)
Added Component: Designator=U2(TO220_Normal)
Added Component: Designator=U3(SOT-223)
Added Component: Designator=U4(SOIC-8)
Added Component: Designator=U5(SOIC-8)
Added Component: Designator=U6(SOIC-8)
Added Component: Designator=U7(SOIC-8)
Added Component: Designator=U8(SOIC-8)
Added Component: Designator=U9(SOIC-8)
Added Component: Designator=U10(SOIC-8)
Added Component: Designator=U11(Quad64)
Added Component: Designator=U12(SOT23-6)
Added Component: Designator=Y1(XTAL)
Added Pin To Net: NetName=BEMF_A Pin=C23-2
Added Pin To Net: NetName=BEMF_A Pin=J3-1
Added Pin To Net: NetName=BEMF_A Pin=J3-2
Added Pin To Net: NetName=BEMF_A Pin=M3-1
Added Pin To Net: NetName=BEMF_A Pin=M3-2
Added Pin To Net: NetName=BEMF_A Pin=M3-3
Added Pin To Net: NetName=BEMF_A Pin=M5-5
Added Pin To Net: NetName=BEMF_A Pin=M6-5
Added Pin To Net: NetName=BEMF_A Pin=R6-2
Added Pin To Net: NetName=BEMF_A Pin=R10-1
Added Pin To Net: NetName=BEMF_A Pin=R17-1
Added Pin To Net: NetName=BEMF_A Pin=U5-6
Added Net: Name=BEMF_A
Added Pin To Net: NetName=BEMF_B Pin=C25-2
Added Pin To Net: NetName=BEMF_B Pin=J4-1
Added Pin To Net: NetName=BEMF_B Pin=J4-2
Added Pin To Net: NetName=BEMF_B Pin=M4-1
Added Pin To Net: NetName=BEMF_B Pin=M4-2
Added Pin To Net: NetName=BEMF_B Pin=M4-3
Added Pin To Net: NetName=BEMF_B Pin=M7-5
Added Pin To Net: NetName=BEMF_B Pin=M8-5
Added Pin To Net: NetName=BEMF_B Pin=R7-1
Added Pin To Net: NetName=BEMF_B Pin=R8-2
Added Pin To Net: NetName=BEMF_B Pin=R18-1
Added Pin To Net: NetName=BEMF_B Pin=U6-6
Added Net: Name=BEMF_B
Added Pin To Net: NetName=CAN_H Pin=J8-2
Added Pin To Net: NetName=CAN_H Pin=R62-1
Added Pin To Net: NetName=CAN_H Pin=U9-7
Added Net: Name=CAN_H
Added Pin To Net: NetName=CAN_L Pin=J8-1
Added Pin To Net: NetName=CAN_L Pin=R63-2
Added Pin To Net: NetName=CAN_L Pin=U9-6
Added Net: Name=CAN_L
Added Pin To Net: NetName=CLK_OUT Pin=P2-1
Added Pin To Net: NetName=CLK_OUT Pin=U11-45
Added Net: Name=CLK_OUT
Added Pin To Net: NetName=CON_RS485_A Pin=J9-3
Added Pin To Net: NetName=CON_RS485_A Pin=R66-2
Added Pin To Net: NetName=CON_RS485_A Pin=R68-2
Added Pin To Net: NetName=CON_RS485_A Pin=U10-6
Added Net: Name=CON_RS485_A
Added Pin To Net: NetName=CON_RS485_B Pin=J9-1
Added Pin To Net: NetName=CON_RS485_B Pin=R64-1
Added Pin To Net: NetName=CON_RS485_B Pin=R65-1
Added Pin To Net: NetName=CON_RS485_B Pin=U10-7
Added Net: Name=CON_RS485_B
Added Pin To Net: NetName=CS Pin=P2-7
Added Pin To Net: NetName=CS Pin=U11-15
Added Net: Name=CS
Added Pin To Net: NetName=GND Pin=C1-2
Added Pin To Net: NetName=GND Pin=C2-2
Added Pin To Net: NetName=GND Pin=C3-2
Added Pin To Net: NetName=GND Pin=C4-2
Added Pin To Net: NetName=GND Pin=C5-2
Added Pin To Net: NetName=GND Pin=C6-2
Added Pin To Net: NetName=GND Pin=C7-2
Added Pin To Net: NetName=GND Pin=C8-2
Added Pin To Net: NetName=GND Pin=C9-2
Added Pin To Net: NetName=GND Pin=C10-1
Added Pin To Net: NetName=GND Pin=C11-2
Added Pin To Net: NetName=GND Pin=C14-2
Added Pin To Net: NetName=GND Pin=C15-2
Added Pin To Net: NetName=GND Pin=C16-2
Added Pin To Net: NetName=GND Pin=C17-2
Added Pin To Net: NetName=GND Pin=C18-2
Added Pin To Net: NetName=GND Pin=C19-2
Added Pin To Net: NetName=GND Pin=C20-2
Added Pin To Net: NetName=GND Pin=C21-2
Added Pin To Net: NetName=GND Pin=C22-2
Added Pin To Net: NetName=GND Pin=C24-2
Added Pin To Net: NetName=GND Pin=C26-2
Added Pin To Net: NetName=GND Pin=C27-2
Added Pin To Net: NetName=GND Pin=C28-2
Added Pin To Net: NetName=GND Pin=C29-2
Added Pin To Net: NetName=GND Pin=C30-2
Added Pin To Net: NetName=GND Pin=C31-2
Added Pin To Net: NetName=GND Pin=C32-2
Added Pin To Net: NetName=GND Pin=C33-2
Added Pin To Net: NetName=GND Pin=C34-1
Added Pin To Net: NetName=GND Pin=C35-2
Added Pin To Net: NetName=GND Pin=C36-2
Added Pin To Net: NetName=GND Pin=C37-2
Added Pin To Net: NetName=GND Pin=C38-2
Added Pin To Net: NetName=GND Pin=C39-2
Added Pin To Net: NetName=GND Pin=C40-1
Added Pin To Net: NetName=GND Pin=C41-2
Added Pin To Net: NetName=GND Pin=C42-2
Added Pin To Net: NetName=GND Pin=C43-1
Added Pin To Net: NetName=GND Pin=C44-2
Added Pin To Net: NetName=GND Pin=C45-2
Added Pin To Net: NetName=GND Pin=C46-2
Added Pin To Net: NetName=GND Pin=C47-2
Added Pin To Net: NetName=GND Pin=C48-2
Added Pin To Net: NetName=GND Pin=C49-2
Added Pin To Net: NetName=GND Pin=C50-1
Added Pin To Net: NetName=GND Pin=C52-1
Added Pin To Net: NetName=GND Pin=C53-1
Added Pin To Net: NetName=GND Pin=D15-1
Added Pin To Net: NetName=GND Pin=FB2-2
Added Pin To Net: NetName=GND Pin=H2-3
Added Pin To Net: NetName=GND Pin=H3-2
Added Pin To Net: NetName=GND Pin=H4-3
Added Pin To Net: NetName=GND Pin=J2-1
Added Pin To Net: NetName=GND Pin=J2-2
Added Pin To Net: NetName=GND Pin=J5-2
Added Pin To Net: NetName=GND Pin=J6-2
Added Pin To Net: NetName=GND Pin=J7-2
Added Pin To Net: NetName=GND Pin=J9-2
Added Pin To Net: NetName=GND Pin=M9-1
Added Pin To Net: NetName=GND Pin=M9-2
Added Pin To Net: NetName=GND Pin=M9-3
Added Pin To Net: NetName=GND Pin=P2-10
Added Pin To Net: NetName=GND Pin=Q1-2
Added Pin To Net: NetName=GND Pin=R3-1
Added Pin To Net: NetName=GND Pin=R4-2
Added Pin To Net: NetName=GND Pin=R5-1
Added Pin To Net: NetName=GND Pin=R14-2
Added Pin To Net: NetName=GND Pin=R34-1
Added Pin To Net: NetName=GND Pin=R37-1
Added Pin To Net: NetName=GND Pin=R38-1
Added Pin To Net: NetName=GND Pin=R47-2
Added Pin To Net: NetName=GND Pin=R57-1
Added Pin To Net: NetName=GND Pin=R58-1
Added Pin To Net: NetName=GND Pin=R61-2
Added Pin To Net: NetName=GND Pin=R64-2
Added Pin To Net: NetName=GND Pin=R67-1
Added Pin To Net: NetName=GND Pin=R71-2
Added Pin To Net: NetName=GND Pin=R76-2
Added Pin To Net: NetName=GND Pin=R77-2
Added Pin To Net: NetName=GND Pin=S1-5
Added Pin To Net: NetName=GND Pin=S1-6
Added Pin To Net: NetName=GND Pin=S1-7
Added Pin To Net: NetName=GND Pin=S1-8
Added Pin To Net: NetName=GND Pin=S2-5
Added Pin To Net: NetName=GND Pin=S2-6
Added Pin To Net: NetName=GND Pin=S2-7
Added Pin To Net: NetName=GND Pin=S2-8
Added Pin To Net: NetName=GND Pin=U2-2
Added Pin To Net: NetName=GND Pin=U3-1
Added Pin To Net: NetName=GND Pin=U4-4
Added Pin To Net: NetName=GND Pin=U5-4
Added Pin To Net: NetName=GND Pin=U6-4
Added Pin To Net: NetName=GND Pin=U7-4
Added Pin To Net: NetName=GND Pin=U8-4
Added Pin To Net: NetName=GND Pin=U9-2
Added Pin To Net: NetName=GND Pin=U10-5
Added Pin To Net: NetName=GND Pin=U11-9
Added Pin To Net: NetName=GND Pin=U11-25
Added Pin To Net: NetName=GND Pin=U11-41
Added Pin To Net: NetName=GND Pin=U12-3
Added Net: Name=GND
Added Pin To Net: NetName=INT Pin=P2-2
Added Pin To Net: NetName=INT Pin=U11-47
Added Net: Name=INT
Added Pin To Net: NetName=MCLR Pin=C46-1
Added Pin To Net: NetName=MCLR Pin=R69-1
Added Pin To Net: NetName=MCLR Pin=R70-1
Added Pin To Net: NetName=MCLR Pin=R73-2
Added Net: Name=MCLR
Added Pin To Net: NetName=NetC4_1 Pin=C4-1
Added Pin To Net: NetName=NetC4_1 Pin=D1-2
Added Pin To Net: NetName=NetC4_1 Pin=D2-2
Added Pin To Net: NetName=NetC4_1 Pin=U1-3
Added Net: Name=NetC4_1
Added Pin To Net: NetName=NetC6_1 Pin=C6-1
Added Pin To Net: NetName=NetC6_1 Pin=R1-2
Added Pin To Net: NetName=NetC6_1 Pin=U3-3
Added Net: Name=NetC6_1
Added Pin To Net: NetName=NetC9_1 Pin=C9-1
Added Pin To Net: NetName=NetC9_1 Pin=D3-1
Added Pin To Net: NetName=NetC9_1 Pin=R2-1
Added Pin To Net: NetName=NetC9_1 Pin=R3-2
Added Pin To Net: NetName=NetC9_1 Pin=U1-1
Added Net: Name=NetC9_1
Added Pin To Net: NetName=NetC12_1 Pin=C12-1
Added Pin To Net: NetName=NetC12_1 Pin=D4-1
Added Pin To Net: NetName=NetC12_1 Pin=R11-1
Added Pin To Net: NetName=NetC12_1 Pin=U4-7
Added Net: Name=NetC12_1
Added Pin To Net: NetName=NetC12_2 Pin=C12-2
Added Pin To Net: NetName=NetC12_2 Pin=R8-1
Added Pin To Net: NetName=NetC12_2 Pin=R11-2
Added Pin To Net: NetName=NetC12_2 Pin=U4-6
Added Net: Name=NetC12_2
Added Pin To Net: NetName=NetC13_1 Pin=C13-1
Added Pin To Net: NetName=NetC13_1 Pin=R10-2
Added Pin To Net: NetName=NetC13_1 Pin=R12-1
Added Pin To Net: NetName=NetC13_1 Pin=U4-2
Added Net: Name=NetC13_1
Added Pin To Net: NetName=NetC13_2 Pin=C13-2
Added Pin To Net: NetName=NetC13_2 Pin=D5-1
Added Pin To Net: NetName=NetC13_2 Pin=R12-2
Added Pin To Net: NetName=NetC13_2 Pin=U4-1
Added Net: Name=NetC13_2
Added Pin To Net: NetName=NetC16_1 Pin=C16-1
Added Pin To Net: NetName=NetC16_1 Pin=C17-1
Added Pin To Net: NetName=NetC16_1 Pin=C18-1
Added Pin To Net: NetName=NetC16_1 Pin=C19-1
Added Pin To Net: NetName=NetC16_1 Pin=H1-2
Added Pin To Net: NetName=NetC16_1 Pin=M3-5
Added Pin To Net: NetName=NetC16_1 Pin=M4-5
Added Net: Name=NetC16_1
Added Pin To Net: NetName=NetC23_1 Pin=C23-1
Added Pin To Net: NetName=NetC23_1 Pin=D8-2
Added Pin To Net: NetName=NetC23_1 Pin=T8-1
Added Pin To Net: NetName=NetC23_1 Pin=U5-8
Added Net: Name=NetC23_1
Added Pin To Net: NetName=NetC25_1 Pin=C25-1
Added Pin To Net: NetName=NetC25_1 Pin=D9-2
Added Pin To Net: NetName=NetC25_1 Pin=T9-1
Added Pin To Net: NetName=NetC25_1 Pin=U6-8
Added Net: Name=NetC25_1
Added Pin To Net: NetName=NetC27_1 Pin=C27-1
Added Pin To Net: NetName=NetC27_1 Pin=Q1-1
Added Pin To Net: NetName=NetC27_1 Pin=R31-1
Added Pin To Net: NetName=NetC27_1 Pin=R38-2
Added Pin To Net: NetName=NetC27_1 Pin=T16-1
Added Pin To Net: NetName=NetC27_1 Pin=U7-3
Added Net: Name=NetC27_1
Added Pin To Net: NetName=NetC38_1 Pin=C38-1
Added Pin To Net: NetName=NetC38_1 Pin=R62-2
Added Pin To Net: NetName=NetC38_1 Pin=R63-1
Added Net: Name=NetC38_1
Added Pin To Net: NetName=NetC41_1 Pin=C41-1
Added Pin To Net: NetName=NetC41_1 Pin=R65-2
Added Pin To Net: NetName=NetC41_1 Pin=R66-1
Added Net: Name=NetC41_1
Added Pin To Net: NetName=NetC42_1 Pin=C42-1
Added Pin To Net: NetName=NetC42_1 Pin=C44-1
Added Pin To Net: NetName=NetC42_1 Pin=C45-1
Added Pin To Net: NetName=NetC42_1 Pin=C47-1
Added Pin To Net: NetName=NetC42_1 Pin=FB1-1
Added Pin To Net: NetName=NetC42_1 Pin=U11-10
Added Pin To Net: NetName=NetC42_1 Pin=U11-26
Added Pin To Net: NetName=NetC42_1 Pin=U11-38
Added Pin To Net: NetName=NetC42_1 Pin=U11-57
Added Net: Name=NetC42_1
Added Pin To Net: NetName=NetC50_2 Pin=C50-2
Added Pin To Net: NetName=NetC50_2 Pin=U11-56
Added Net: Name=NetC50_2
Added Pin To Net: NetName=NetC51_1 Pin=C51-1
Added Pin To Net: NetName=NetC51_1 Pin=FB2-1
Added Pin To Net: NetName=NetC51_1 Pin=U11-20
Added Net: Name=NetC51_1
Added Pin To Net: NetName=NetC51_2 Pin=C51-2
Added Pin To Net: NetName=NetC51_2 Pin=FB3-1
Added Pin To Net: NetName=NetC51_2 Pin=U11-19
Added Net: Name=NetC51_2
Added Pin To Net: NetName=NetC52_2 Pin=C52-2
Added Pin To Net: NetName=NetC52_2 Pin=U11-39
Added Pin To Net: NetName=NetC52_2 Pin=Y1-1
Added Net: Name=NetC52_2
Added Pin To Net: NetName=NetC53_2 Pin=C53-2
Added Pin To Net: NetName=NetC53_2 Pin=U11-40
Added Pin To Net: NetName=NetC53_2 Pin=Y1-2
Added Net: Name=NetC53_2
Added Pin To Net: NetName=NetD4_2 Pin=D4-2
Added Pin To Net: NetName=NetD4_2 Pin=D5-2
Added Pin To Net: NetName=NetD4_2 Pin=R9-1
Added Net: Name=NetD4_2
Added Pin To Net: NetName=NetD6_1 Pin=D6-1
Added Pin To Net: NetName=NetD6_1 Pin=M3-4
Added Pin To Net: NetName=NetD6_1 Pin=R15-1
Added Pin To Net: NetName=NetD6_1 Pin=R17-2
Added Pin To Net: NetName=NetD6_1 Pin=T6-1
Added Net: Name=NetD6_1
Added Pin To Net: NetName=NetD6_2 Pin=D6-2
Added Pin To Net: NetName=NetD6_2 Pin=R15-2
Added Pin To Net: NetName=NetD6_2 Pin=U5-7
Added Net: Name=NetD6_2
Added Pin To Net: NetName=NetD7_1 Pin=D7-1
Added Pin To Net: NetName=NetD7_1 Pin=M4-4
Added Pin To Net: NetName=NetD7_1 Pin=R16-1
Added Pin To Net: NetName=NetD7_1 Pin=R18-2
Added Pin To Net: NetName=NetD7_1 Pin=T7-1
Added Net: Name=NetD7_1
Added Pin To Net: NetName=NetD7_2 Pin=D7-2
Added Pin To Net: NetName=NetD7_2 Pin=R16-2
Added Pin To Net: NetName=NetD7_2 Pin=U6-7
Added Net: Name=NetD7_2
Added Pin To Net: NetName=NetD10_1 Pin=D10-1
Added Pin To Net: NetName=NetD10_1 Pin=M6-4
Added Pin To Net: NetName=NetD10_1 Pin=R20-2
Added Pin To Net: NetName=NetD10_1 Pin=R30-2
Added Pin To Net: NetName=NetD10_1 Pin=T10-1
Added Net: Name=NetD10_1
Added Pin To Net: NetName=NetD10_2 Pin=D10-2
Added Pin To Net: NetName=NetD10_2 Pin=D13-2
Added Pin To Net: NetName=NetD10_2 Pin=R20-1
Added Pin To Net: NetName=NetD10_2 Pin=R25-2
Added Pin To Net: NetName=NetD10_2 Pin=U5-5
Added Net: Name=NetD10_2
Added Pin To Net: NetName=NetD11_1 Pin=D11-1
Added Pin To Net: NetName=NetD11_1 Pin=M8-4
Added Pin To Net: NetName=NetD11_1 Pin=R19-1
Added Pin To Net: NetName=NetD11_1 Pin=R28-2
Added Pin To Net: NetName=NetD11_1 Pin=T11-1
Added Net: Name=NetD11_1
Added Pin To Net: NetName=NetD11_2 Pin=D11-2
Added Pin To Net: NetName=NetD11_2 Pin=D12-2
Added Pin To Net: NetName=NetD11_2 Pin=R19-2
Added Pin To Net: NetName=NetD11_2 Pin=R26-2
Added Pin To Net: NetName=NetD11_2 Pin=U6-5
Added Net: Name=NetD11_2
Added Pin To Net: NetName=NetD12_1 Pin=D12-1
Added Pin To Net: NetName=NetD12_1 Pin=M7-4
Added Pin To Net: NetName=NetD12_1 Pin=R26-1
Added Pin To Net: NetName=NetD12_1 Pin=R27-2
Added Net: Name=NetD12_1
Added Pin To Net: NetName=NetD13_1 Pin=D13-1
Added Pin To Net: NetName=NetD13_1 Pin=M5-4
Added Pin To Net: NetName=NetD13_1 Pin=R25-1
Added Pin To Net: NetName=NetD13_1 Pin=R29-2
Added Net: Name=NetD13_1
Added Pin To Net: NetName=NetH1_1 Pin=H1-1
Added Pin To Net: NetName=NetH1_1 Pin=M1-1
Added Pin To Net: NetName=NetH1_1 Pin=M1-2
Added Pin To Net: NetName=NetH1_1 Pin=M1-3
Added Pin To Net: NetName=NetH1_1 Pin=M2-1
Added Pin To Net: NetName=NetH1_1 Pin=M2-2
Added Pin To Net: NetName=NetH1_1 Pin=M2-3
Added Pin To Net: NetName=NetH1_1 Pin=T5-1
Added Net: Name=NetH1_1
Added Pin To Net: NetName=NetH2_1 Pin=H2-1
Added Pin To Net: NetName=NetH2_1 Pin=H2-2
Added Pin To Net: NetName=NetH2_1 Pin=R39-1
Added Pin To Net: NetName=NetH2_1 Pin=R43-2
Added Net: Name=NetH2_1
Added Pin To Net: NetName=NetH3_1 Pin=H3-1
Added Pin To Net: NetName=NetH3_1 Pin=R42-1
Added Pin To Net: NetName=NetH3_1 Pin=R45-2
Added Net: Name=NetH3_1
Added Pin To Net: NetName=NetH4_1 Pin=H4-1
Added Pin To Net: NetName=NetH4_1 Pin=R69-2
Added Net: Name=NetH4_1
Added Pin To Net: NetName=NetJ5_1 Pin=J5-1
Added Pin To Net: NetName=NetJ5_1 Pin=R41-2
Added Pin To Net: NetName=NetJ5_1 Pin=R44-2
Added Net: Name=NetJ5_1
Added Pin To Net: NetName=NetJ6_1 Pin=J6-1
Added Pin To Net: NetName=NetJ6_1 Pin=R51-2
Added Net: Name=NetJ6_1
Added Pin To Net: NetName=NetJ7_1 Pin=J7-1
Added Pin To Net: NetName=NetJ7_1 Pin=U8-5
Added Net: Name=NetJ7_1
Added Pin To Net: NetName=NetJ10_2 Pin=J10-2
Added Pin To Net: NetName=NetJ10_2 Pin=M9-5
Added Net: Name=NetJ10_2
Added Pin To Net: NetName=NetLD1_2 Pin=LD1-2
Added Pin To Net: NetName=NetLD1_2 Pin=R71-1
Added Net: Name=NetLD1_2
Added Pin To Net: NetName=NetLD2_2 Pin=LD2-2
Added Pin To Net: NetName=NetLD2_2 Pin=R72-1
Added Net: Name=NetLD2_2
Added Pin To Net: NetName=NetM1_4 Pin=M1-4
Added Pin To Net: NetName=NetM1_4 Pin=M2-4
Added Pin To Net: NetName=NetM1_4 Pin=R13-2
Added Pin To Net: NetName=NetM1_4 Pin=R14-1
Added Net: Name=NetM1_4
Added Pin To Net: NetName=NetM5_1 Pin=M5-1
Added Pin To Net: NetName=NetM5_1 Pin=M5-2
Added Pin To Net: NetName=NetM5_1 Pin=M5-3
Added Pin To Net: NetName=NetM5_1 Pin=M6-1
Added Pin To Net: NetName=NetM5_1 Pin=M6-2
Added Pin To Net: NetName=NetM5_1 Pin=M6-3
Added Pin To Net: NetName=NetM5_1 Pin=M7-1
Added Pin To Net: NetName=NetM5_1 Pin=M7-2
Added Pin To Net: NetName=NetM5_1 Pin=M7-3
Added Pin To Net: NetName=NetM5_1 Pin=M8-1
Added Pin To Net: NetName=NetM5_1 Pin=M8-2
Added Pin To Net: NetName=NetM5_1 Pin=M8-3
Added Pin To Net: NetName=NetM5_1 Pin=R27-1
Added Pin To Net: NetName=NetM5_1 Pin=R28-1
Added Pin To Net: NetName=NetM5_1 Pin=R29-1
Added Pin To Net: NetName=NetM5_1 Pin=R30-1
Added Pin To Net: NetName=NetM5_1 Pin=R31-2
Added Pin To Net: NetName=NetM5_1 Pin=R34-2
Added Net: Name=NetM5_1
Added Pin To Net: NetName=NetM9_4 Pin=M9-4
Added Pin To Net: NetName=NetM9_4 Pin=R74-1
Added Pin To Net: NetName=NetM9_4 Pin=R76-1
Added Net: Name=NetM9_4
Added Pin To Net: NetName=NetP1_2 Pin=P1-2
Added Pin To Net: NetName=NetP1_2 Pin=S1-4
Added Net: Name=NetP1_2
Added Pin To Net: NetName=NetP1_3 Pin=P1-3
Added Pin To Net: NetName=NetP1_3 Pin=R53-2
Added Pin To Net: NetName=NetP1_3 Pin=S1-3
Added Pin To Net: NetName=NetP1_3 Pin=T27-1
Added Net: Name=NetP1_3
Added Pin To Net: NetName=NetP1_4 Pin=P1-4
Added Pin To Net: NetName=NetP1_4 Pin=R56-2
Added Pin To Net: NetName=NetP1_4 Pin=S1-2
Added Pin To Net: NetName=NetP1_4 Pin=T28-1
Added Net: Name=NetP1_4
Added Pin To Net: NetName=NetP1_5 Pin=P1-5
Added Pin To Net: NetName=NetP1_5 Pin=R59-2
Added Pin To Net: NetName=NetP1_5 Pin=S1-1
Added Pin To Net: NetName=NetP1_5 Pin=T29-1
Added Net: Name=NetP1_5
Added Pin To Net: NetName=NetP1_6 Pin=P1-6
Added Pin To Net: NetName=NetP1_6 Pin=S2-4
Added Net: Name=NetP1_6
Added Pin To Net: NetName=NetP1_7 Pin=P1-7
Added Pin To Net: NetName=NetP1_7 Pin=R50-2
Added Pin To Net: NetName=NetP1_7 Pin=S2-3
Added Pin To Net: NetName=NetP1_7 Pin=T25-1
Added Net: Name=NetP1_7
Added Pin To Net: NetName=NetP1_8 Pin=P1-8
Added Pin To Net: NetName=NetP1_8 Pin=R49-2
Added Pin To Net: NetName=NetP1_8 Pin=S2-2
Added Pin To Net: NetName=NetP1_8 Pin=T24-1
Added Net: Name=NetP1_8
Added Pin To Net: NetName=NetP1_9 Pin=P1-9
Added Pin To Net: NetName=NetP1_9 Pin=R48-2
Added Pin To Net: NetName=NetP1_9 Pin=S2-1
Added Pin To Net: NetName=NetP1_9 Pin=T23-1
Added Net: Name=NetP1_9
Added Pin To Net: NetName=NetR4_1 Pin=R4-1
Added Pin To Net: NetName=NetR4_1 Pin=R6-1
Added Pin To Net: NetName=NetR4_1 Pin=U4-5
Added Net: Name=NetR4_1
Added Pin To Net: NetName=NetR5_2 Pin=R5-2
Added Pin To Net: NetName=NetR5_2 Pin=R7-2
Added Pin To Net: NetName=NetR5_2 Pin=U4-3
Added Net: Name=NetR5_2
Added Pin To Net: NetName=NetR21_1 Pin=R21-1
Added Pin To Net: NetName=NetR21_1 Pin=T12-1
Added Pin To Net: NetName=NetR21_1 Pin=U5-2
Added Net: Name=NetR21_1
Added Pin To Net: NetName=NetR22_1 Pin=R22-1
Added Pin To Net: NetName=NetR22_1 Pin=T13-1
Added Pin To Net: NetName=NetR22_1 Pin=U5-3
Added Net: Name=NetR22_1
Added Pin To Net: NetName=NetR23_1 Pin=R23-1
Added Pin To Net: NetName=NetR23_1 Pin=T14-1
Added Pin To Net: NetName=NetR23_1 Pin=U6-2
Added Net: Name=NetR23_1
Added Pin To Net: NetName=NetR24_1 Pin=R24-1
Added Pin To Net: NetName=NetR24_1 Pin=T15-1
Added Pin To Net: NetName=NetR24_1 Pin=U6-3
Added Net: Name=NetR24_1
Added Pin To Net: NetName=NetR32_1 Pin=R32-1
Added Pin To Net: NetName=NetR32_1 Pin=U7-5
Added Net: Name=NetR32_1
Added Pin To Net: NetName=NetR32_2 Pin=R32-2
Added Pin To Net: NetName=NetR32_2 Pin=U7-1
Added Pin To Net: NetName=NetR32_2 Pin=U7-2
Added Net: Name=NetR32_2
Added Pin To Net: NetName=NetR33_2 Pin=R33-2
Added Pin To Net: NetName=NetR33_2 Pin=R35-1
Added Pin To Net: NetName=NetR33_2 Pin=U7-7
Added Net: Name=NetR33_2
Added Pin To Net: NetName=NetR35_2 Pin=R35-2
Added Pin To Net: NetName=NetR35_2 Pin=R37-2
Added Pin To Net: NetName=NetR35_2 Pin=U7-6
Added Net: Name=NetR35_2
Added Pin To Net: NetName=NetR40_1 Pin=R40-1
Added Pin To Net: NetName=NetR40_1 Pin=R46-2
Added Pin To Net: NetName=NetR40_1 Pin=R47-1
Added Net: Name=NetR40_1
Added Pin To Net: NetName=NetR51_1 Pin=R51-1
Added Pin To Net: NetName=NetR51_1 Pin=R52-2
Added Pin To Net: NetName=NetR51_1 Pin=R54-2
Added Pin To Net: NetName=NetR51_1 Pin=R57-2
Added Pin To Net: NetName=NetR51_1 Pin=U8-3
Added Net: Name=NetR51_1
Added Pin To Net: NetName=NetR55_2 Pin=R55-2
Added Pin To Net: NetName=NetR55_2 Pin=U8-1
Added Pin To Net: NetName=NetR55_2 Pin=U8-2
Added Net: Name=NetR55_2
Added Pin To Net: NetName=NetR60_2 Pin=R60-2
Added Pin To Net: NetName=NetR60_2 Pin=U8-6
Added Pin To Net: NetName=NetR60_2 Pin=U8-7
Added Net: Name=NetR60_2
Added Pin To Net: NetName=NetR73_1 Pin=R73-1
Added Pin To Net: NetName=NetR73_1 Pin=U11-7
Added Net: Name=NetR73_1
Added Pin To Net: NetName=NetR74_2 Pin=R74-2
Added Pin To Net: NetName=NetR74_2 Pin=U12-4
Added Pin To Net: NetName=NetR74_2 Pin=U12-6
Added Net: Name=NetR74_2
Added Pin To Net: NetName=NetR75_2 Pin=R75-2
Added Pin To Net: NetName=NetR75_2 Pin=R77-1
Added Pin To Net: NetName=NetR75_2 Pin=T37-1
Added Pin To Net: NetName=NetR75_2 Pin=U12-2
Added Net: Name=NetR75_2
Added Pin To Net: NetName=PGC Pin=H4-5
Added Pin To Net: NetName=PGC Pin=U11-44
Added Net: Name=PGC
Added Pin To Net: NetName=PGD Pin=H4-4
Added Pin To Net: NetName=PGD Pin=U11-43
Added Net: Name=PGD
Added Pin To Net: NetName=RST Pin=P2-8
Added Pin To Net: NetName=RST Pin=U11-55
Added Net: Name=RST
Added Pin To Net: NetName=SCK Pin=P2-6
Added Pin To Net: NetName=SCK Pin=U11-35
Added Net: Name=SCK
Added Pin To Net: NetName=SI Pin=P2-5
Added Pin To Net: NetName=SI Pin=U11-17
Added Net: Name=SI
Added Pin To Net: NetName=SO Pin=P2-4
Added Pin To Net: NetName=SO Pin=U11-34
Added Net: Name=SO
Added Pin To Net: NetName=UC_BACK_EMF Pin=C11-1
Added Pin To Net: NetName=UC_BACK_EMF Pin=R9-2
Added Pin To Net: NetName=UC_BACK_EMF Pin=T4-1
Added Pin To Net: NetName=UC_BACK_EMF Pin=U11-18
Added Net: Name=UC_BACK_EMF
Added Pin To Net: NetName=UC_BUS_CURRENT Pin=R33-1
Added Pin To Net: NetName=UC_BUS_CURRENT Pin=T17-1
Added Pin To Net: NetName=UC_BUS_CURRENT Pin=U11-13
Added Net: Name=UC_BUS_CURRENT
Added Pin To Net: NetName=UC_CAN_RXD Pin=T32-1
Added Pin To Net: NetName=UC_CAN_RXD Pin=U9-4
Added Pin To Net: NetName=UC_CAN_RXD Pin=U11-46
Added Net: Name=UC_CAN_RXD
Added Pin To Net: NetName=UC_CAN_TXD Pin=T31-1
Added Pin To Net: NetName=UC_CAN_TXD Pin=U9-1
Added Pin To Net: NetName=UC_CAN_TXD Pin=U11-48
Added Net: Name=UC_CAN_TXD
Added Pin To Net: NetName=UC_COM_DIRECTION Pin=R67-2
Added Pin To Net: NetName=UC_COM_DIRECTION Pin=T34-1
Added Pin To Net: NetName=UC_COM_DIRECTION Pin=U10-2
Added Pin To Net: NetName=UC_COM_DIRECTION Pin=U10-3
Added Pin To Net: NetName=UC_COM_DIRECTION Pin=U11-33
Added Net: Name=UC_COM_DIRECTION
Added Pin To Net: NetName=UC_FAULT_CURRENT Pin=Q1-3
Added Pin To Net: NetName=UC_FAULT_CURRENT Pin=R36-1
Added Pin To Net: NetName=UC_FAULT_CURRENT Pin=T18-1
Added Pin To Net: NetName=UC_FAULT_CURRENT Pin=U11-32
Added Net: Name=UC_FAULT_CURRENT
Added Pin To Net: NetName=UC_HALL_INPUT Pin=C29-1
Added Pin To Net: NetName=UC_HALL_INPUT Pin=R44-1
Added Pin To Net: NetName=UC_HALL_INPUT Pin=T20-1
Added Pin To Net: NetName=UC_HALL_INPUT Pin=U11-49
Added Net: Name=UC_HALL_INPUT
Added Pin To Net: NetName=UC_HB_LED1 Pin=R72-2
Added Pin To Net: NetName=UC_HB_LED1 Pin=T36-1
Added Pin To Net: NetName=UC_HB_LED1 Pin=U11-53
Added Net: Name=UC_HB_LED1
Added Pin To Net: NetName=UC_INPUT_VOLTAGE Pin=C31-1
Added Pin To Net: NetName=UC_INPUT_VOLTAGE Pin=R46-1
Added Pin To Net: NetName=UC_INPUT_VOLTAGE Pin=T22-1
Added Pin To Net: NetName=UC_INPUT_VOLTAGE Pin=U11-14
Added Net: Name=UC_INPUT_VOLTAGE
Added Pin To Net: NetName=UC_INTERNAL_TEMP Pin=C30-1
Added Pin To Net: NetName=UC_INTERNAL_TEMP Pin=R45-1
Added Pin To Net: NetName=UC_INTERNAL_TEMP Pin=T21-1
Added Pin To Net: NetName=UC_INTERNAL_TEMP Pin=U11-21
Added Net: Name=UC_INTERNAL_TEMP
Added Pin To Net: NetName=UC_PLC_ANALOG_INPUT Pin=C34-2
Added Pin To Net: NetName=UC_PLC_ANALOG_INPUT Pin=R55-1
Added Pin To Net: NetName=UC_PLC_ANALOG_INPUT Pin=R58-2
Added Pin To Net: NetName=UC_PLC_ANALOG_INPUT Pin=T26-1
Added Pin To Net: NetName=UC_PLC_ANALOG_INPUT Pin=U11-16
Added Net: Name=UC_PLC_ANALOG_INPUT
Added Pin To Net: NetName=UC_POT_INPUT Pin=C28-1
Added Pin To Net: NetName=UC_POT_INPUT Pin=R43-1
Added Pin To Net: NetName=UC_POT_INPUT Pin=T19-1
Added Pin To Net: NetName=UC_POT_INPUT Pin=U11-23
Added Net: Name=UC_POT_INPUT
Added Pin To Net: NetName=UC_PWM_A_BAR Pin=R22-2
Added Pin To Net: NetName=UC_PWM_A_BAR Pin=U11-3
Added Net: Name=UC_PWM_A_BAR
Added Pin To Net: NetName=UC_PWM_A Pin=R21-2
Added Pin To Net: NetName=UC_PWM_A Pin=U11-2
Added Net: Name=UC_PWM_A
Added Pin To Net: NetName=UC_PWM_B_BAR Pin=R24-2
Added Pin To Net: NetName=UC_PWM_B_BAR Pin=U11-63
Added Net: Name=UC_PWM_B_BAR
Added Pin To Net: NetName=UC_PWM_B Pin=R23-2
Added Pin To Net: NetName=UC_PWM_B Pin=U11-62
Added Net: Name=UC_PWM_B
Added Pin To Net: NetName=UC_PWM_DB Pin=R75-1
Added Pin To Net: NetName=UC_PWM_DB Pin=U11-61
Added Net: Name=UC_PWM_DB
Added Pin To Net: NetName=UC_RXD Pin=T33-1
Added Pin To Net: NetName=UC_RXD Pin=U10-1
Added Pin To Net: NetName=UC_RXD Pin=U11-52
Added Net: Name=UC_RXD
Added Pin To Net: NetName=UC_SILENT_MODE Pin=U9-8
Added Pin To Net: NetName=UC_SILENT_MODE Pin=U11-64
Added Net: Name=UC_SILENT_MODE
Added Pin To Net: NetName=UC_SWITCH_INPUT1 Pin=R48-1
Added Net: Name=UC_SWITCH_INPUT1
Added Pin To Net: NetName=UC_SWITCH_INPUT2 Pin=R49-1
Added Net: Name=UC_SWITCH_INPUT2
Added Pin To Net: NetName=UC_SWITCH_INPUT3 Pin=R50-1
Added Net: Name=UC_SWITCH_INPUT3
Added Pin To Net: NetName=UC_SWITCH_INPUT4 Pin=R53-1
Added Net: Name=UC_SWITCH_INPUT4
Added Pin To Net: NetName=UC_SWITCH_INPUT5 Pin=R56-1
Added Net: Name=UC_SWITCH_INPUT5
Added Pin To Net: NetName=UC_SWITCH_INPUT6 Pin=R59-1
Added Net: Name=UC_SWITCH_INPUT6
Added Pin To Net: NetName=UC_TACHO_INPUT Pin=C35-1
Added Pin To Net: NetName=UC_TACHO_INPUT Pin=D14-1
Added Pin To Net: NetName=UC_TACHO_INPUT Pin=D15-2
Added Pin To Net: NetName=UC_TACHO_INPUT Pin=R60-1
Added Pin To Net: NetName=UC_TACHO_INPUT Pin=R61-1
Added Pin To Net: NetName=UC_TACHO_INPUT Pin=T30-1
Added Pin To Net: NetName=UC_TACHO_INPUT Pin=U11-22
Added Net: Name=UC_TACHO_INPUT
Added Pin To Net: NetName=UC_TXD Pin=T35-1
Added Pin To Net: NetName=UC_TXD Pin=U10-4
Added Pin To Net: NetName=UC_TXD Pin=U11-51
Added Net: Name=UC_TXD
Added Pin To Net: NetName=VCC_3.3V Pin=C7-1
Added Pin To Net: NetName=VCC_3.3V Pin=C8-1
Added Pin To Net: NetName=VCC_3.3V Pin=C32-1
Added Pin To Net: NetName=VCC_3.3V Pin=C39-1
Added Pin To Net: NetName=VCC_3.3V Pin=C40-2
Added Pin To Net: NetName=VCC_3.3V Pin=C43-2
Added Pin To Net: NetName=VCC_3.3V Pin=D14-2
Added Pin To Net: NetName=VCC_3.3V Pin=FB1-2
Added Pin To Net: NetName=VCC_3.3V Pin=FB3-2
Added Pin To Net: NetName=VCC_3.3V Pin=H4-2
Added Pin To Net: NetName=VCC_3.3V Pin=LD1-1
Added Pin To Net: NetName=VCC_3.3V Pin=LD2-1
Added Pin To Net: NetName=VCC_3.3V Pin=P1-1
Added Pin To Net: NetName=VCC_3.3V Pin=P2-9
Added Pin To Net: NetName=VCC_3.3V Pin=R36-2
Added Pin To Net: NetName=VCC_3.3V Pin=R42-2
Added Pin To Net: NetName=VCC_3.3V Pin=R68-1
Added Pin To Net: NetName=VCC_3.3V Pin=R70-2
Added Pin To Net: NetName=VCC_3.3V Pin=T1-1
Added Pin To Net: NetName=VCC_3.3V Pin=U3-2
Added Pin To Net: NetName=VCC_3.3V Pin=U3-4
Added Pin To Net: NetName=VCC_3.3V Pin=U9-5
Added Pin To Net: NetName=VCC_3.3V Pin=U10-8
Added Net: Name=VCC_3.3V
Added Pin To Net: NetName=VCC_5V Pin=C1-1
Added Pin To Net: NetName=VCC_5V Pin=C5-1
Added Pin To Net: NetName=VCC_5V Pin=C10-2
Added Pin To Net: NetName=VCC_5V Pin=C26-1
Added Pin To Net: NetName=VCC_5V Pin=C36-1
Added Pin To Net: NetName=VCC_5V Pin=C37-1
Added Pin To Net: NetName=VCC_5V Pin=R39-2
Added Pin To Net: NetName=VCC_5V Pin=R41-1
Added Pin To Net: NetName=VCC_5V Pin=R52-1
Added Pin To Net: NetName=VCC_5V Pin=R54-1
Added Pin To Net: NetName=VCC_5V Pin=T3-1
Added Pin To Net: NetName=VCC_5V Pin=U2-3
Added Pin To Net: NetName=VCC_5V Pin=U4-8
Added Pin To Net: NetName=VCC_5V Pin=U7-8
Added Pin To Net: NetName=VCC_5V Pin=U9-3
Added Net: Name=VCC_5V
Added Pin To Net: NetName=VCC_13.8V Pin=C2-1
Added Pin To Net: NetName=VCC_13.8V Pin=C3-1
Added Pin To Net: NetName=VCC_13.8V Pin=C20-1
Added Pin To Net: NetName=VCC_13.8V Pin=C21-1
Added Pin To Net: NetName=VCC_13.8V Pin=C22-1
Added Pin To Net: NetName=VCC_13.8V Pin=C24-1
Added Pin To Net: NetName=VCC_13.8V Pin=C33-1
Added Pin To Net: NetName=VCC_13.8V Pin=C48-1
Added Pin To Net: NetName=VCC_13.8V Pin=C49-1
Added Pin To Net: NetName=VCC_13.8V Pin=D1-1
Added Pin To Net: NetName=VCC_13.8V Pin=D3-2
Added Pin To Net: NetName=VCC_13.8V Pin=D8-1
Added Pin To Net: NetName=VCC_13.8V Pin=D9-1
Added Pin To Net: NetName=VCC_13.8V Pin=R1-1
Added Pin To Net: NetName=VCC_13.8V Pin=R2-2
Added Pin To Net: NetName=VCC_13.8V Pin=T2-1
Added Pin To Net: NetName=VCC_13.8V Pin=U1-2
Added Pin To Net: NetName=VCC_13.8V Pin=U2-1
Added Pin To Net: NetName=VCC_13.8V Pin=U5-1
Added Pin To Net: NetName=VCC_13.8V Pin=U6-1
Added Pin To Net: NetName=VCC_13.8V Pin=U8-8
Added Pin To Net: NetName=VCC_13.8V Pin=U12-1
Added Net: Name=VCC_13.8V
Added Pin To Net: NetName=VS_24V Pin=C14-1
Added Pin To Net: NetName=VS_24V Pin=C15-1
Added Pin To Net: NetName=VS_24V Pin=D2-1
Added Pin To Net: NetName=VS_24V Pin=J1-1
Added Pin To Net: NetName=VS_24V Pin=J1-2
Added Pin To Net: NetName=VS_24V Pin=J10-1
Added Pin To Net: NetName=VS_24V Pin=M1-5
Added Pin To Net: NetName=VS_24V Pin=M2-5
Added Pin To Net: NetName=VS_24V Pin=R13-1
Added Pin To Net: NetName=VS_24V Pin=R40-2
Added Net: Name=VS_24V
Added Pin To Net: NetName=WOL Pin=P2-3
Added Pin To Net: NetName=WOL Pin=U11-50
Added Net: Name=WOL
Added Class: Name=PG01_Power_Supply
Added Class: Name=PG02_Full_Bridge
Added Class: Name=PG03_Analog_Digital_Inputs
Added Class: Name=PG04_Communications
Added Class: Name=PG05_DSP_Circuit
